2024-07-17 20:58:11,990 [INFO ]  user ia able to see the element on DOM with xpath //a[contains(.,'Sign up')]
2024-07-17 20:58:12,613 [INFO ]  user is able to  click on xpath //a[contains(.,'Sign up')] 
2024-07-17 20:58:13,826 [INFO ]  user is able to enter text in xpath //input[@id='sign-username'] 
2024-07-17 20:58:14,454 [INFO ]  user is able to enter text in xpath //input[@id='sign-password'] 
2024-07-17 20:58:15,021 [INFO ]  user is able to  click on xpath //button[normalize-space()='Sign up'] 
2024-07-17 20:58:18,534 [INFO ]  user is able to get text This user already exist. from alert
2024-07-17 20:58:20,547 [INFO ]  user is able to get text This user already exist. from alert
2024-07-17 20:58:20,549 [INFO ]  user is abe to verify text This user already exist. form alert
2024-07-17 20:58:20,554 [INFO ]  User is able to accept alert popup
2024-07-17 20:58:26,242 [INFO ]  user ia able to see the element on DOM with xpath //a[contains(.,'Sign up')]
2024-07-17 20:58:26,957 [INFO ]  user is able to  click on xpath //a[contains(.,'Sign up')] 
2024-07-17 20:58:28,125 [INFO ]  user is able to enter text in xpath //input[@id='sign-username'] 
2024-07-17 20:58:28,741 [INFO ]  user is able to enter text in xpath //input[@id='sign-password'] 
2024-07-17 20:58:29,341 [INFO ]  user is able to  click on xpath //button[normalize-space()='Sign up'] 
2024-07-17 20:58:32,352 [INFO ]  user is able to get text Sign up successful. from alert
2024-07-17 20:58:32,354 [INFO ]  user is abe to verify text Sign up successful. form alert
2024-07-17 20:58:32,362 [INFO ]  User is able to accept alert popup
2024-07-17 20:58:32,931 [INFO ]  user ia able to see the element on DOM with xpath //a[contains(.,'Log in')]
2024-07-17 20:58:33,505 [INFO ]  user is able to  click on xpath //a[contains(.,'Log in')] 
2024-07-17 20:58:34,704 [INFO ]  user is able to enter text in xpath //input[@id='loginusername'] 
2024-07-17 20:58:35,370 [INFO ]  user is able to enter text in xpath //input[@id='loginpassword'] 
2024-07-17 20:58:35,944 [INFO ]  user is able to  click on xpath //button[normalize-space()='Log in'] 
2024-07-17 20:58:39,468 [INFO ]  user is able to get text Wrong password. from alert
2024-07-17 20:58:39,471 [INFO ]  user is abe to verify text Wrong password. form alert
2024-07-17 20:58:39,477 [INFO ]  User is able to accept alert popup
2024-07-17 20:58:40,737 [INFO ]  user is able to  click on xpath //div[@id='logInModal']//button[@type='button'][normalize-space()='Close'] 
2024-07-17 20:58:41,292 [INFO ]  user ia able to see the element on DOM with xpath //a[contains(.,'Log in')]
2024-07-17 20:58:41,901 [INFO ]  user is able to  click on xpath //a[contains(.,'Log in')] 
2024-07-17 20:58:43,090 [INFO ]  user is able to enter text in xpath //input[@id='loginusername'] 
2024-07-17 20:58:43,723 [INFO ]  user is able to enter text in xpath //input[@id='loginpassword'] 
2024-07-17 20:58:44,290 [INFO ]  user is able to  click on xpath //button[normalize-space()='Log in'] 
2024-07-17 20:58:55,361 [INFO ]  user ia able to see the element on DOM with xpath //a[contains(.,'test_userpeZ')]
2024-07-17 20:58:55,994 [INFO ]  user is able to  click on xpath //a[contains(.,'Phones')] 
2024-07-17 20:58:57,541 [INFO ]  user ia able to see the element on DOM with xpath //a[contains(.,'Samsung galaxy s6')]
2024-07-17 20:58:58,075 [INFO ]  user ia able to see the element on DOM with xpath //a[contains(.,'Nokia lumia 1520')]
2024-07-17 20:58:58,608 [INFO ]  user ia able to see the element on DOM with xpath //a[contains(.,'Nexus 6')]
2024-07-17 20:58:59,179 [INFO ]  user is able to  click on xpath //a[contains(.,'Laptops')] 
2024-07-17 20:59:00,722 [INFO ]  user ia able to see the element on DOM with xpath //a[contains(.,'Sony vaio i5')]
2024-07-17 20:59:01,255 [INFO ]  user ia able to see the element on DOM with xpath //a[contains(.,'Sony vaio i7')]
2024-07-17 20:59:01,789 [INFO ]  user ia able to see the element on DOM with xpath //a[contains(.,'MacBook air')]
2024-07-17 20:59:02,359 [INFO ]  user is able to  click on xpath //a[contains(.,'Monitors')] 
2024-07-17 20:59:03,908 [INFO ]  user ia able to see the element on DOM with xpath //a[contains(.,'Apple monitor 24')]
2024-07-17 20:59:04,445 [INFO ]  user ia able to see the element on DOM with xpath //a[contains(.,'ASUS Full HD')]
2024-07-17 20:59:05,012 [INFO ]  user ia able to see the element on DOM with xpath //a[contains(.,'Home')]
2024-07-17 20:59:06,235 [INFO ]  user is able to  click on xpath //a[contains(.,'Home')] 
2024-07-17 20:59:06,555 [INFO ]  user is able to move to element having xpath //p[contains(.,'Copyright © Product Store 2017')]
2024-07-17 20:59:07,149 [INFO ]  user is able to  click on xpath //button[@id='next2'] 
2024-07-17 20:59:10,175 [INFO ]  user is able to get text from xpath //div[@id='tbodyid']/div[last()]/div/div/h4/a
2024-07-17 20:59:11,460 [INFO ]  user is able to  click on xpath //div[@id='tbodyid']/div[last()]/div/div/h4/a 
2024-07-17 20:59:12,845 [INFO ]  user is able to  click on xpath //a[normalize-space()='Add to cart'] 
2024-07-17 20:59:15,849 [INFO ]  user is able to get text Product added. from alert
2024-07-17 20:59:15,856 [INFO ]  User is able to accept alert popup
2024-07-17 20:59:16,411 [INFO ]  user ia able to see the element on DOM with xpath //a[contains(.,'Cart')]
2024-07-17 20:59:17,785 [INFO ]  user is able to  click on xpath //a[contains(.,'Cart')] 
2024-07-17 20:59:21,337 [INFO ]  user ia able to see the element on DOM with xpath //tbody[@id='tbodyid']/tr/td[contains(.,'Sony vaio i7')]
2024-07-17 20:59:21,947 [INFO ]  user is able to  click on xpath //button[normalize-space()='Place Order'] 
2024-07-17 20:59:23,156 [INFO ]  user is able to enter text in xpath //input[@id='name'] 
2024-07-17 20:59:23,865 [INFO ]  user is able to enter text in xpath //input[@id='country'] 
2024-07-17 20:59:24,579 [INFO ]  user is able to enter text in xpath //input[@id='city'] 
2024-07-17 20:59:25,265 [INFO ]  user is able to enter text in xpath //input[@id='card'] 
2024-07-17 20:59:25,915 [INFO ]  user is able to enter text in xpath //input[@id='month'] 
2024-07-17 20:59:26,548 [INFO ]  user is able to enter text in xpath //input[@id='year'] 
2024-07-17 20:59:27,163 [INFO ]  user is able to  click on xpath //button[normalize-space()='Purchase'] 
2024-07-17 20:59:27,709 [INFO ]  user ia able to see the element on DOM with xpath //h2[contains(.,'Thank you for your purchase')]
2024-07-17 20:59:29,166 [INFO ]  user is able to  click on xpath //button[normalize-space()='OK'] 
2024-07-17 20:59:29,745 [INFO ]  user ia able to see the element on DOM with xpath //a[contains(.,'Cart')]
2024-07-17 20:59:30,945 [INFO ]  user is able to  click on xpath //a[contains(.,'Cart')] 
2024-07-17 20:59:31,560 [INFO ]  user is able to  click on xpath //button[normalize-space()='Place Order'] 
2024-07-17 20:59:32,758 [INFO ]  user is able to enter text in xpath //input[@id='name'] 
2024-07-17 20:59:33,445 [INFO ]  user is able to enter text in xpath //input[@id='country'] 
2024-07-17 20:59:34,124 [INFO ]  user is able to enter text in xpath //input[@id='city'] 
2024-07-17 20:59:34,796 [INFO ]  user is able to enter text in xpath //input[@id='card'] 
2024-07-17 20:59:35,461 [INFO ]  user is able to enter text in xpath //input[@id='month'] 
2024-07-17 20:59:36,102 [INFO ]  user is able to enter text in xpath //input[@id='year'] 
2024-07-17 20:59:36,679 [INFO ]  user is able to  click on xpath //button[normalize-space()='Purchase'] 
2024-07-17 20:59:37,213 [INFO ]  user ia able to see the element on DOM with xpath //h2[contains(.,'Thank you for your purchase')]
2024-07-17 20:59:49,004 [INFO ]  user ia able to see the element on DOM with xpath //a[contains(.,'Log in')]
2024-07-17 20:59:49,592 [INFO ]  user is able to  click on xpath //a[contains(.,'Log in')] 
2024-07-17 20:59:50,805 [INFO ]  user is able to enter text in xpath //input[@id='loginusername'] 
2024-07-17 20:59:51,455 [INFO ]  user is able to enter text in xpath //input[@id='loginpassword'] 
2024-07-17 20:59:52,031 [INFO ]  user is able to  click on xpath //button[normalize-space()='Log in'] 
2024-07-17 21:00:02,746 [INFO ]  user ia able to see the element on DOM with xpath //a[contains(.,'test_userpeZ')]
2024-07-17 21:00:03,309 [INFO ]  user ia able to see the element on DOM with xpath //a[contains(.,'Log out')]
2024-07-17 21:00:04,710 [INFO ]  user is able to  click on xpath //a[contains(.,'Log out')] 
2024-07-17 21:00:05,269 [INFO ]  user ia able to see the element on DOM with xpath //a[@id='login2']
