2024-07-17 22:41:55,068 [INFO ]  user ia able to see the element on DOM with xpath //a[contains(.,'Sign up')]
2024-07-17 22:41:55,743 [INFO ]  user is able to  click on xpath //a[contains(.,'Sign up')] 
2024-07-17 22:41:57,068 [INFO ]  user is able to enter text.txt in xpath //input[@id='sign-username'] 
2024-07-17 22:41:57,743 [INFO ]  user is able to enter text.txt in xpath //input[@id='sign-password'] 
2024-07-17 22:41:58,387 [INFO ]  user is able to  click on xpath //button[normalize-space()='Sign up'] 
2024-07-17 22:42:01,400 [INFO ]  user is able to get text.txt Sign up successful. from alert
2024-07-17 22:42:01,403 [INFO ]  user is abe to verify text.txt Sign up successful. form alert
2024-07-17 22:42:01,407 [INFO ]  User is able to accept alert popup
2024-07-17 22:42:01,991 [INFO ]  user ia able to see the element on DOM with xpath //a[contains(.,'Log in')]
2024-07-17 22:42:02,553 [INFO ]  user is able to  click on xpath //a[contains(.,'Log in')] 
2024-07-17 22:42:03,824 [INFO ]  user is able to enter text.txt in xpath //input[@id='loginusername'] 
2024-07-17 22:42:04,548 [INFO ]  user is able to enter text.txt in xpath //input[@id='loginpassword'] 
2024-07-17 22:42:05,380 [INFO ]  user is able to  click on xpath //button[normalize-space()='Log in'] 
2024-07-17 22:42:08,897 [INFO ]  user is able to get text.txt Wrong password. from alert
2024-07-17 22:42:08,897 [INFO ]  user is abe to verify text.txt Wrong password. form alert
2024-07-17 22:42:08,913 [INFO ]  User is able to accept alert popup
2024-07-17 22:42:09,582 [INFO ]  user is able to  click on xpath //div[@id='logInModal']//button[@type='button'][normalize-space()='Close'] 
2024-07-17 22:42:10,170 [INFO ]  user ia able to see the element on DOM with xpath //a[contains(.,'Log in')]
2024-07-17 22:42:10,803 [INFO ]  user is able to  click on xpath //a[contains(.,'Log in')] 
2024-07-17 22:42:12,062 [INFO ]  user is able to enter text.txt in xpath //input[@id='loginusername'] 
2024-07-17 22:42:12,765 [INFO ]  user is able to enter text.txt in xpath //input[@id='loginpassword'] 
2024-07-17 22:42:13,369 [INFO ]  user is able to  click on xpath //button[normalize-space()='Log in'] 
2024-07-17 22:42:24,005 [INFO ]  user ia able to see the element on DOM with xpath //a[contains(.,'test_userxgW')]
2024-07-17 22:42:24,636 [INFO ]  user is able to  click on xpath //a[contains(.,'Phones')] 
2024-07-17 22:42:26,213 [INFO ]  user ia able to see the element on DOM with xpath //a[contains(.,'Samsung galaxy s6')]
2024-07-17 22:42:26,776 [INFO ]  user ia able to see the element on DOM with xpath //a[contains(.,'Nokia lumia 1520')]
2024-07-17 22:42:27,324 [INFO ]  user ia able to see the element on DOM with xpath //a[contains(.,'Nexus 6')]
2024-07-17 22:42:27,917 [INFO ]  user is able to  click on xpath //a[contains(.,'Laptops')] 
2024-07-17 22:42:29,499 [INFO ]  user ia able to see the element on DOM with xpath //a[contains(.,'Sony vaio i5')]
2024-07-17 22:42:30,046 [INFO ]  user ia able to see the element on DOM with xpath //a[contains(.,'Sony vaio i7')]
2024-07-17 22:42:30,581 [INFO ]  user ia able to see the element on DOM with xpath //a[contains(.,'MacBook air')]
2024-07-17 22:42:31,166 [INFO ]  user is able to  click on xpath //a[contains(.,'Monitors')] 
2024-07-17 22:42:32,714 [INFO ]  user ia able to see the element on DOM with xpath //a[contains(.,'Apple monitor 24')]
2024-07-17 22:42:33,266 [INFO ]  user ia able to see the element on DOM with xpath //a[contains(.,'ASUS Full HD')]
2024-07-17 22:42:33,840 [INFO ]  user ia able to see the element on DOM with xpath //a[contains(.,'Home')]
2024-07-17 22:42:35,278 [INFO ]  user is able to  click on xpath //a[contains(.,'Home')] 
2024-07-17 22:42:35,597 [INFO ]  user is able to move to element having xpath //p[contains(.,'Copyright © Product Store 2017')]
2024-07-17 22:42:36,220 [INFO ]  user is able to  click on xpath //button[@id='next2'] 
2024-07-17 22:42:39,245 [INFO ]  user is able to get text.txt from xpath //div[@id='tbodyid']/div[last()]/div/div/h4/a
2024-07-17 22:42:40,738 [INFO ]  user is able to  click on xpath //div[@id='tbodyid']/div[last()]/div/div/h4/a 
2024-07-17 22:42:41,984 [INFO ]  user is able to  click on xpath //a[normalize-space()='Add to cart'] 
2024-07-17 22:42:44,985 [INFO ]  user is able to get text.txt Product added. from alert
2024-07-17 22:42:44,998 [INFO ]  User is able to accept alert popup
2024-07-17 22:42:45,547 [INFO ]  user ia able to see the element on DOM with xpath //a[contains(.,'Cart')]
2024-07-17 22:42:47,334 [INFO ]  user is able to  click on xpath //a[contains(.,'Cart')] 
2024-07-17 22:42:50,880 [INFO ]  user ia able to see the element on DOM with xpath //tbody[@id='tbodyid']/tr/td[contains(.,'Sony vaio i7')]
2024-07-17 22:42:51,474 [INFO ]  user is able to  click on xpath //button[normalize-space()='Place Order'] 
2024-07-17 22:42:52,703 [INFO ]  user is able to enter text.txt in xpath //input[@id='name'] 
2024-07-17 22:42:53,399 [INFO ]  user is able to enter text.txt in xpath //input[@id='country'] 
2024-07-17 22:42:54,089 [INFO ]  user is able to enter text.txt in xpath //input[@id='city'] 
2024-07-17 22:42:54,803 [INFO ]  user is able to enter text.txt in xpath //input[@id='card'] 
2024-07-17 22:42:55,551 [INFO ]  user is able to enter text.txt in xpath //input[@id='month'] 
2024-07-17 22:42:56,252 [INFO ]  user is able to enter text.txt in xpath //input[@id='year'] 
2024-07-17 22:42:56,901 [INFO ]  user is able to  click on xpath //button[normalize-space()='Purchase'] 
2024-07-17 22:42:57,454 [INFO ]  user ia able to see the element on DOM with xpath //h2[contains(.,'Thank you for your purchase')]
2024-07-17 22:42:58,902 [INFO ]  user is able to  click on xpath //button[normalize-space()='OK'] 
2024-07-17 22:42:59,471 [INFO ]  user ia able to see the element on DOM with xpath //a[contains(.,'Cart')]
2024-07-17 22:43:00,798 [INFO ]  user is able to  click on xpath //a[contains(.,'Cart')] 
2024-07-17 22:43:01,429 [INFO ]  user is able to  click on xpath //button[normalize-space()='Place Order'] 
2024-07-17 22:43:02,713 [INFO ]  user is able to enter text.txt in xpath //input[@id='name'] 
2024-07-17 22:43:03,452 [INFO ]  user is able to enter text.txt in xpath //input[@id='country'] 
2024-07-17 22:43:04,180 [INFO ]  user is able to enter text.txt in xpath //input[@id='city'] 
2024-07-17 22:43:04,892 [INFO ]  user is able to enter text.txt in xpath //input[@id='card'] 
2024-07-17 22:43:05,596 [INFO ]  user is able to enter text.txt in xpath //input[@id='month'] 
2024-07-17 22:43:06,317 [INFO ]  user is able to enter text.txt in xpath //input[@id='year'] 
2024-07-17 22:43:06,955 [INFO ]  user is able to  click on xpath //button[normalize-space()='Purchase'] 
2024-07-17 22:43:07,511 [INFO ]  user ia able to see the element on DOM with xpath //h2[contains(.,'Thank you for your purchase')]
2024-07-17 22:43:20,070 [INFO ]  user ia able to see the element on DOM with xpath //a[contains(.,'Log in')]
2024-07-17 22:43:20,700 [INFO ]  user is able to  click on xpath //a[contains(.,'Log in')] 
2024-07-17 22:43:22,040 [INFO ]  user is able to enter text.txt in xpath //input[@id='loginusername'] 
2024-07-17 22:43:22,698 [INFO ]  user is able to enter text.txt in xpath //input[@id='loginpassword'] 
2024-07-17 22:43:23,278 [INFO ]  user is able to  click on xpath //button[normalize-space()='Log in'] 
2024-07-17 22:43:34,176 [INFO ]  user ia able to see the element on DOM with xpath //a[contains(.,'test_userxgW')]
2024-07-17 22:43:34,717 [INFO ]  user ia able to see the element on DOM with xpath //a[contains(.,'Log out')]
2024-07-17 22:43:36,114 [INFO ]  user is able to  click on xpath //a[contains(.,'Log out')] 
2024-07-17 22:43:36,658 [INFO ]  user ia able to see the element on DOM with xpath //a[@id='login2']
