2024-07-17 21:03:14,763 [INFO ]  user ia able to see the element on DOM with xpath //a[contains(.,'Sign up')]
2024-07-17 21:03:15,397 [INFO ]  user is able to  click on xpath //a[contains(.,'Sign up')] 
2024-07-17 21:03:16,652 [INFO ]  user is able to enter text.txt in xpath //input[@id='sign-username'] 
2024-07-17 21:03:17,319 [INFO ]  user is able to enter text.txt in xpath //input[@id='sign-password'] 
2024-07-17 21:03:17,901 [INFO ]  user is able to  click on xpath //button[normalize-space()='Sign up'] 
2024-07-17 21:03:21,418 [INFO ]  user is able to get text.txt This user already exist. from alert
2024-07-17 21:03:23,427 [INFO ]  user is able to get text.txt This user already exist. from alert
2024-07-17 21:03:23,431 [INFO ]  user is abe to verify text.txt This user already exist. form alert
2024-07-17 21:03:23,431 [INFO ]  User is able to accept alert popup
2024-07-17 21:03:29,814 [INFO ]  user ia able to see the element on DOM with xpath //a[contains(.,'Sign up')]
2024-07-17 21:03:30,440 [INFO ]  user is able to  click on xpath //a[contains(.,'Sign up')] 
2024-07-17 21:03:31,652 [INFO ]  user is able to enter text.txt in xpath //input[@id='sign-username'] 
2024-07-17 21:03:32,313 [INFO ]  user is able to enter text.txt in xpath //input[@id='sign-password'] 
2024-07-17 21:03:32,929 [INFO ]  user is able to  click on xpath //button[normalize-space()='Sign up'] 
2024-07-17 21:03:36,448 [INFO ]  user is able to get text.txt Sign up successful. from alert
2024-07-17 21:03:36,448 [INFO ]  user is abe to verify text.txt Sign up successful. form alert
2024-07-17 21:03:36,456 [INFO ]  User is able to accept alert popup
2024-07-17 21:03:37,048 [INFO ]  user ia able to see the element on DOM with xpath //a[contains(.,'Log in')]
2024-07-17 21:03:37,659 [INFO ]  user is able to  click on xpath //a[contains(.,'Log in')] 
2024-07-17 21:03:38,858 [INFO ]  user is able to enter text.txt in xpath //input[@id='loginusername'] 
2024-07-17 21:03:39,534 [INFO ]  user is able to enter text.txt in xpath //input[@id='loginpassword'] 
2024-07-17 21:03:40,104 [INFO ]  user is able to  click on xpath //button[normalize-space()='Log in'] 
2024-07-17 21:03:43,620 [INFO ]  user is able to get text.txt Wrong password. from alert
2024-07-17 21:03:43,620 [INFO ]  user is abe to verify text.txt Wrong password. form alert
2024-07-17 21:03:43,628 [INFO ]  User is able to accept alert popup
2024-07-17 21:03:44,232 [INFO ]  user is able to  click on xpath //div[@id='logInModal']//button[@type='button'][normalize-space()='Close'] 
2024-07-17 21:03:44,800 [INFO ]  user ia able to see the element on DOM with xpath //a[contains(.,'Log in')]
2024-07-17 21:03:45,420 [INFO ]  user is able to  click on xpath //a[contains(.,'Log in')] 
2024-07-17 21:03:46,704 [INFO ]  user is able to enter text.txt in xpath //input[@id='loginusername'] 
2024-07-17 21:03:47,420 [INFO ]  user is able to enter text.txt in xpath //input[@id='loginpassword'] 
2024-07-17 21:03:48,031 [INFO ]  user is able to  click on xpath //button[normalize-space()='Log in'] 
2024-07-17 21:03:58,760 [INFO ]  user ia able to see the element on DOM with xpath //a[contains(.,'test_userxRq')]
2024-07-17 21:03:59,383 [INFO ]  user is able to  click on xpath //a[contains(.,'Phones')] 
2024-07-17 21:04:02,332 [INFO ]  user ia able to see the element on DOM with xpath //a[contains(.,'Home')]
2024-07-17 21:04:03,680 [INFO ]  user is able to  click on xpath //a[contains(.,'Home')] 
2024-07-17 21:04:04,003 [INFO ]  user is able to move to element having xpath //p[contains(.,'Copyright © Product Store 2017')]
2024-07-17 21:04:04,694 [INFO ]  user is able to  click on xpath //button[@id='next2'] 
2024-07-17 21:04:07,734 [INFO ]  user is able to get text.txt from xpath //div[@id='tbodyid']/div[last()]/div/div/h4/a
2024-07-17 21:04:09,587 [INFO ]  user is able to  click on xpath //div[@id='tbodyid']/div[last()]/div/div/h4/a 
2024-07-17 21:04:11,139 [INFO ]  user is able to  click on xpath //a[normalize-space()='Add to cart'] 
2024-07-17 21:04:14,140 [INFO ]  user is able to get text.txt Product added. from alert
2024-07-17 21:04:14,149 [INFO ]  User is able to accept alert popup
2024-07-17 21:04:14,708 [INFO ]  user ia able to see the element on DOM with xpath //a[contains(.,'Cart')]
2024-07-17 21:04:15,998 [INFO ]  user is able to  click on xpath //a[contains(.,'Cart')] 
2024-07-17 21:04:19,544 [INFO ]  user ia able to see the element on DOM with xpath //tbody[@id='tbodyid']/tr/td[contains(.,'MacBook Pro')]
2024-07-17 21:04:20,168 [INFO ]  user is able to  click on xpath //button[normalize-space()='Place Order'] 
2024-07-17 21:04:21,385 [INFO ]  user is able to enter text.txt in xpath //input[@id='name'] 
2024-07-17 21:04:22,047 [INFO ]  user is able to enter text.txt in xpath //input[@id='country'] 
2024-07-17 21:04:22,768 [INFO ]  user is able to enter text.txt in xpath //input[@id='city'] 
2024-07-17 21:04:23,455 [INFO ]  user is able to enter text.txt in xpath //input[@id='card'] 
2024-07-17 21:04:24,178 [INFO ]  user is able to enter text.txt in xpath //input[@id='month'] 
2024-07-17 21:04:24,895 [INFO ]  user is able to enter text.txt in xpath //input[@id='year'] 
2024-07-17 21:04:25,562 [INFO ]  user is able to  click on xpath //button[normalize-space()='Purchase'] 
2024-07-17 21:04:26,119 [INFO ]  user ia able to see the element on DOM with xpath //h2[contains(.,'Thank you for your purchase')]
2024-07-17 21:04:27,625 [INFO ]  user is able to  click on xpath //button[normalize-space()='OK'] 
2024-07-17 21:04:28,189 [INFO ]  user ia able to see the element on DOM with xpath //a[contains(.,'Cart')]
2024-07-17 21:04:29,472 [INFO ]  user is able to  click on xpath //a[contains(.,'Cart')] 
2024-07-17 21:04:30,089 [INFO ]  user is able to  click on xpath //button[normalize-space()='Place Order'] 
2024-07-17 21:04:31,318 [INFO ]  user is able to enter text.txt in xpath //input[@id='name'] 
2024-07-17 21:04:32,036 [INFO ]  user is able to enter text.txt in xpath //input[@id='country'] 
2024-07-17 21:04:32,724 [INFO ]  user is able to enter text.txt in xpath //input[@id='city'] 
2024-07-17 21:04:33,400 [INFO ]  user is able to enter text.txt in xpath //input[@id='card'] 
2024-07-17 21:04:34,069 [INFO ]  user is able to enter text.txt in xpath //input[@id='month'] 
2024-07-17 21:04:34,766 [INFO ]  user is able to enter text.txt in xpath //input[@id='year'] 
2024-07-17 21:04:35,369 [INFO ]  user is able to  click on xpath //button[normalize-space()='Purchase'] 
2024-07-17 21:04:35,924 [INFO ]  user ia able to see the element on DOM with xpath //h2[contains(.,'Thank you for your purchase')]
2024-07-17 21:04:46,450 [INFO ]  user ia able to see the element on DOM with xpath //a[contains(.,'Log in')]
2024-07-17 21:04:47,078 [INFO ]  user is able to  click on xpath //a[contains(.,'Log in')] 
2024-07-17 21:04:48,348 [INFO ]  user is able to enter text.txt in xpath //input[@id='loginusername'] 
2024-07-17 21:04:48,995 [INFO ]  user is able to enter text.txt in xpath //input[@id='loginpassword'] 
2024-07-17 21:04:49,584 [INFO ]  user is able to  click on xpath //button[normalize-space()='Log in'] 
2024-07-17 21:05:00,542 [INFO ]  user ia able to see the element on DOM with xpath //a[contains(.,'test_userxRq')]
2024-07-17 21:05:01,111 [INFO ]  user ia able to see the element on DOM with xpath //a[contains(.,'Log out')]
2024-07-17 21:05:02,952 [INFO ]  user is able to  click on xpath //a[contains(.,'Log out')] 
2024-07-17 21:05:03,505 [INFO ]  user ia able to see the element on DOM with xpath //a[@id='login2']
