2024-07-17 22:44:34,314 [INFO ]  user ia able to see the element on DOM with xpath //a[contains(.,'Sign up')]
2024-07-17 22:44:34,920 [INFO ]  user is able to  click on xpath //a[contains(.,'Sign up')] 
2024-07-17 22:44:36,282 [INFO ]  user is able to enter text.txt in xpath //input[@id='sign-username'] 
2024-07-17 22:44:36,964 [INFO ]  user is able to enter text.txt in xpath //input[@id='sign-password'] 
2024-07-17 22:44:37,607 [INFO ]  user is able to  click on xpath //button[normalize-space()='Sign up'] 
2024-07-17 22:44:40,622 [INFO ]  user is able to get text.txt Sign up successful. from alert
2024-07-17 22:44:40,622 [INFO ]  user is abe to verify text.txt Sign up successful. form alert
2024-07-17 22:44:40,626 [INFO ]  User is able to accept alert popup
2024-07-17 22:44:41,197 [INFO ]  user ia able to see the element on DOM with xpath //a[contains(.,'Log in')]
2024-07-17 22:44:41,772 [INFO ]  user is able to  click on xpath //a[contains(.,'Log in')] 
2024-07-17 22:44:43,019 [INFO ]  user is able to enter text.txt in xpath //input[@id='loginusername'] 
2024-07-17 22:44:43,689 [INFO ]  user is able to enter text.txt in xpath //input[@id='loginpassword'] 
2024-07-17 22:44:44,657 [INFO ]  user is able to  click on xpath //button[normalize-space()='Log in'] 
2024-07-17 22:44:48,685 [INFO ]  user is able to get text.txt Wrong password. from alert
2024-07-17 22:44:48,685 [INFO ]  user is abe to verify text.txt Wrong password. form alert
2024-07-17 22:44:48,699 [INFO ]  User is able to accept alert popup
2024-07-17 22:44:49,325 [INFO ]  user is able to  click on xpath //div[@id='logInModal']//button[@type='button'][normalize-space()='Close'] 
2024-07-17 22:44:49,903 [INFO ]  user ia able to see the element on DOM with xpath //a[contains(.,'Log in')]
2024-07-17 22:44:50,486 [INFO ]  user is able to  click on xpath //a[contains(.,'Log in')] 
2024-07-17 22:44:51,755 [INFO ]  user is able to enter text.txt in xpath //input[@id='loginusername'] 
2024-07-17 22:44:52,466 [INFO ]  user is able to enter text.txt in xpath //input[@id='loginpassword'] 
2024-07-17 22:44:53,066 [INFO ]  user is able to  click on xpath //button[normalize-space()='Log in'] 
2024-07-17 22:45:03,783 [INFO ]  user ia able to see the element on DOM with xpath //a[contains(.,'test_userwwC')]
2024-07-17 22:45:04,415 [INFO ]  user is able to  click on xpath //a[contains(.,'Phones')] 
2024-07-17 22:45:05,973 [INFO ]  user ia able to see the element on DOM with xpath //a[contains(.,'Samsung galaxy s6')]
2024-07-17 22:45:06,527 [INFO ]  user ia able to see the element on DOM with xpath //a[contains(.,'Nokia lumia 1520')]
2024-07-17 22:45:07,084 [INFO ]  user ia able to see the element on DOM with xpath //a[contains(.,'Nexus 6')]
2024-07-17 22:45:07,697 [INFO ]  user is able to  click on xpath //a[contains(.,'Laptops')] 
2024-07-17 22:45:09,265 [INFO ]  user ia able to see the element on DOM with xpath //a[contains(.,'Sony vaio i5')]
2024-07-17 22:45:09,821 [INFO ]  user ia able to see the element on DOM with xpath //a[contains(.,'Sony vaio i7')]
2024-07-17 22:45:10,375 [INFO ]  user ia able to see the element on DOM with xpath //a[contains(.,'MacBook air')]
2024-07-17 22:45:10,977 [INFO ]  user is able to  click on xpath //a[contains(.,'Monitors')] 
2024-07-17 22:45:12,540 [INFO ]  user ia able to see the element on DOM with xpath //a[contains(.,'Apple monitor 24')]
2024-07-17 22:45:13,087 [INFO ]  user ia able to see the element on DOM with xpath //a[contains(.,'ASUS Full HD')]
2024-07-17 22:45:13,666 [INFO ]  user ia able to see the element on DOM with xpath //a[contains(.,'Home')]
2024-07-17 22:45:15,567 [INFO ]  user is able to  click on xpath //a[contains(.,'Home')] 
2024-07-17 22:45:15,895 [INFO ]  user is able to move to element having xpath //p[contains(.,'Copyright © Product Store 2017')]
2024-07-17 22:45:16,502 [INFO ]  user is able to  click on xpath //button[@id='next2'] 
2024-07-17 22:45:19,546 [INFO ]  user is able to get text.txt from xpath //div[@id='tbodyid']/div[last()]/div/div/h4/a
2024-07-17 22:45:20,913 [INFO ]  user is able to  click on xpath //div[@id='tbodyid']/div[last()]/div/div/h4/a 
2024-07-17 22:45:22,153 [INFO ]  user is able to  click on xpath //a[normalize-space()='Add to cart'] 
2024-07-17 22:45:25,156 [INFO ]  user is able to get text.txt Product added. from alert
2024-07-17 22:45:25,164 [INFO ]  User is able to accept alert popup
2024-07-17 22:45:25,722 [INFO ]  user ia able to see the element on DOM with xpath //a[contains(.,'Cart')]
2024-07-17 22:45:27,558 [INFO ]  user is able to  click on xpath //a[contains(.,'Cart')] 
2024-07-17 22:45:31,108 [INFO ]  user ia able to see the element on DOM with xpath //tbody[@id='tbodyid']/tr/td[contains(.,'MacBook Pro')]
2024-07-17 22:45:31,718 [INFO ]  user is able to  click on xpath //button[normalize-space()='Place Order'] 
2024-07-17 22:45:32,931 [INFO ]  user is able to enter text.txt in xpath //input[@id='name'] 
2024-07-17 22:45:33,650 [INFO ]  user is able to enter text.txt in xpath //input[@id='country'] 
2024-07-17 22:45:34,365 [INFO ]  user is able to enter text.txt in xpath //input[@id='city'] 
2024-07-17 22:45:35,114 [INFO ]  user is able to enter text.txt in xpath //input[@id='card'] 
2024-07-17 22:45:35,846 [INFO ]  user is able to enter text.txt in xpath //input[@id='month'] 
2024-07-17 22:45:36,528 [INFO ]  user is able to enter text.txt in xpath //input[@id='year'] 
2024-07-17 22:45:37,172 [INFO ]  user is able to  click on xpath //button[normalize-space()='Purchase'] 
2024-07-17 22:45:37,728 [INFO ]  user ia able to see the element on DOM with xpath //h2[contains(.,'Thank you for your purchase')]
2024-07-17 22:45:39,230 [INFO ]  user is able to  click on xpath //button[normalize-space()='OK'] 
2024-07-17 22:45:39,823 [INFO ]  user ia able to see the element on DOM with xpath //a[contains(.,'Cart')]
2024-07-17 22:45:41,048 [INFO ]  user is able to  click on xpath //a[contains(.,'Cart')] 
2024-07-17 22:45:41,686 [INFO ]  user is able to  click on xpath //button[normalize-space()='Place Order'] 
2024-07-17 22:45:42,964 [INFO ]  user is able to enter text.txt in xpath //input[@id='name'] 
2024-07-17 22:45:43,724 [INFO ]  user is able to enter text.txt in xpath //input[@id='country'] 
2024-07-17 22:45:44,979 [INFO ]  user is able to enter text.txt in xpath //input[@id='city'] 
2024-07-17 22:45:45,702 [INFO ]  user is able to enter text.txt in xpath //input[@id='card'] 
2024-07-17 22:45:46,398 [INFO ]  user is able to enter text.txt in xpath //input[@id='month'] 
2024-07-17 22:45:47,104 [INFO ]  user is able to enter text.txt in xpath //input[@id='year'] 
2024-07-17 22:45:47,737 [INFO ]  user is able to  click on xpath //button[normalize-space()='Purchase'] 
2024-07-17 22:45:48,292 [INFO ]  user ia able to see the element on DOM with xpath //h2[contains(.,'Thank you for your purchase')]
2024-07-17 22:46:01,702 [INFO ]  user ia able to see the element on DOM with xpath //a[contains(.,'Log in')]
2024-07-17 22:46:02,294 [INFO ]  user is able to  click on xpath //a[contains(.,'Log in')] 
2024-07-17 22:46:03,623 [INFO ]  user is able to enter text.txt in xpath //input[@id='loginusername'] 
2024-07-17 22:46:04,273 [INFO ]  user is able to enter text.txt in xpath //input[@id='loginpassword'] 
2024-07-17 22:46:04,916 [INFO ]  user is able to  click on xpath //button[normalize-space()='Log in'] 
2024-07-17 22:46:15,635 [INFO ]  user ia able to see the element on DOM with xpath //a[contains(.,'test_userwwC')]
2024-07-17 22:46:16,201 [INFO ]  user ia able to see the element on DOM with xpath //a[contains(.,'Log out')]
2024-07-17 22:46:18,576 [INFO ]  user is able to  click on xpath //a[contains(.,'Log out')] 
2024-07-17 22:46:19,124 [INFO ]  user ia able to see the element on DOM with xpath //a[@id='login2']
