2024-07-18 07:36:15,533 [INFO ]  user ia able to see the element on DOM with xpath //a[contains(.,'Sign up')]
2024-07-18 07:36:16,121 [INFO ]  user is able to  click on xpath //a[contains(.,'Sign up')] 
2024-07-18 07:36:17,371 [INFO ]  user is able to enter text.txt in xpath //input[@id='sign-username'] 
2024-07-18 07:36:18,100 [INFO ]  user is able to enter text.txt in xpath //input[@id='sign-password'] 
2024-07-18 07:36:18,696 [INFO ]  user is able to  click on xpath //button[normalize-space()='Sign up'] 
2024-07-18 07:36:21,715 [INFO ]  user is able to get text.txt This user already exist. from alert
2024-07-18 07:36:23,724 [INFO ]  user is able to get text.txt This user already exist. from alert
2024-07-18 07:36:23,730 [INFO ]  user is abe to verify text.txt This user already exist. form alert
2024-07-18 07:36:23,735 [INFO ]  User is able to accept alert popup
2024-07-18 07:36:30,971 [INFO ]  user ia able to see the element on DOM with xpath //a[contains(.,'Sign up')]
2024-07-18 07:36:31,560 [INFO ]  user is able to  click on xpath //a[contains(.,'Sign up')] 
2024-07-18 07:36:32,799 [INFO ]  user is able to enter text.txt in xpath //input[@id='sign-username'] 
2024-07-18 07:36:33,448 [INFO ]  user is able to enter text.txt in xpath //input[@id='sign-password'] 
2024-07-18 07:36:34,097 [INFO ]  user is able to  click on xpath //button[normalize-space()='Sign up'] 
2024-07-18 07:36:37,110 [INFO ]  user is able to get text.txt Sign up successful. from alert
2024-07-18 07:36:37,118 [INFO ]  user is abe to verify text.txt Sign up successful. form alert
2024-07-18 07:36:37,121 [INFO ]  User is able to accept alert popup
2024-07-18 07:36:37,688 [INFO ]  user ia able to see the element on DOM with xpath //a[contains(.,'Log in')]
2024-07-18 07:36:38,338 [INFO ]  user is able to  click on xpath //a[contains(.,'Log in')] 
2024-07-18 07:36:39,710 [INFO ]  user is able to enter text.txt in xpath //input[@id='loginusername'] 
2024-07-18 07:36:41,526 [INFO ]  user is able to enter text.txt in xpath //input[@id='loginpassword'] 
2024-07-18 07:36:42,426 [INFO ]  user is able to  click on xpath //button[normalize-space()='Log in'] 
2024-07-18 07:36:45,946 [INFO ]  user is able to get text.txt Wrong password. from alert
2024-07-18 07:36:45,946 [INFO ]  user is abe to verify text.txt Wrong password. form alert
2024-07-18 07:36:45,961 [INFO ]  User is able to accept alert popup
2024-07-18 07:36:46,556 [INFO ]  user is able to  click on xpath //div[@id='logInModal']//button[@type='button'][normalize-space()='Close'] 
2024-07-18 07:36:47,137 [INFO ]  user ia able to see the element on DOM with xpath //a[contains(.,'Log in')]
2024-07-18 07:36:47,725 [INFO ]  user is able to  click on xpath //a[contains(.,'Log in')] 
2024-07-18 07:36:48,983 [INFO ]  user is able to enter text.txt in xpath //input[@id='loginusername'] 
2024-07-18 07:36:49,710 [INFO ]  user is able to enter text.txt in xpath //input[@id='loginpassword'] 
2024-07-18 07:36:50,338 [INFO ]  user is able to  click on xpath //button[normalize-space()='Log in'] 
2024-07-18 07:37:00,970 [INFO ]  user ia able to see the element on DOM with xpath //a[contains(.,'test_usergQj')]
2024-07-18 07:37:01,595 [INFO ]  user is able to  click on xpath //a[contains(.,'Phones')] 
2024-07-18 07:37:04,392 [INFO ]  user ia able to see the element on DOM with xpath //a[contains(.,'Home')]
2024-07-18 07:37:06,334 [INFO ]  user is able to  click on xpath //a[contains(.,'Home')] 
2024-07-18 07:37:06,664 [INFO ]  user is able to move to element having xpath //p[contains(.,'Copyright © Product Store 2017')]
2024-07-18 07:37:07,282 [INFO ]  user is able to  click on xpath //button[@id='next2'] 
2024-07-18 07:37:10,308 [INFO ]  user is able to get text.txt from xpath //div[@id='tbodyid']/div[last()]/div/div/h4/a
2024-07-18 07:37:12,398 [INFO ]  user is able to  click on xpath //div[@id='tbodyid']/div[last()]/div/div/h4/a 
2024-07-18 07:37:13,943 [INFO ]  user is able to  click on xpath //a[normalize-space()='Add to cart'] 
2024-07-18 07:37:16,944 [INFO ]  user is able to get text.txt Product added. from alert
2024-07-18 07:37:16,951 [INFO ]  User is able to accept alert popup
2024-07-18 07:37:17,500 [INFO ]  user ia able to see the element on DOM with xpath //a[contains(.,'Cart')]
2024-07-18 07:37:19,227 [INFO ]  user is able to  click on xpath //a[contains(.,'Cart')] 
2024-07-18 07:37:22,771 [INFO ]  user ia able to see the element on DOM with xpath //tbody[@id='tbodyid']/tr/td[contains(.,'MacBook Pro')]
2024-07-18 07:37:23,373 [INFO ]  user is able to  click on xpath //button[normalize-space()='Place Order'] 
2024-07-18 07:37:24,637 [INFO ]  user is able to enter text.txt in xpath //input[@id='name'] 
2024-07-18 07:37:25,347 [INFO ]  user is able to enter text.txt in xpath //input[@id='country'] 
2024-07-18 07:37:26,065 [INFO ]  user is able to enter text.txt in xpath //input[@id='city'] 
2024-07-18 07:37:26,811 [INFO ]  user is able to enter text.txt in xpath //input[@id='card'] 
2024-07-18 07:37:27,498 [INFO ]  user is able to enter text.txt in xpath //input[@id='month'] 
2024-07-18 07:37:28,238 [INFO ]  user is able to enter text.txt in xpath //input[@id='year'] 
2024-07-18 07:37:28,907 [INFO ]  user is able to  click on xpath //button[normalize-space()='Purchase'] 
2024-07-18 07:37:29,457 [INFO ]  user ia able to see the element on DOM with xpath //h2[contains(.,'Thank you for your purchase')]
2024-07-18 07:37:30,780 [INFO ]  user is able to  click on xpath //button[normalize-space()='OK'] 
2024-07-18 07:37:31,352 [INFO ]  user ia able to see the element on DOM with xpath //a[contains(.,'Cart')]
2024-07-18 07:37:32,630 [INFO ]  user is able to  click on xpath //a[contains(.,'Cart')] 
2024-07-18 07:37:33,258 [INFO ]  user is able to  click on xpath //button[normalize-space()='Place Order'] 
2024-07-18 07:37:34,519 [INFO ]  user is able to enter text.txt in xpath //input[@id='name'] 
2024-07-18 07:37:35,210 [INFO ]  user is able to enter text.txt in xpath //input[@id='country'] 
2024-07-18 07:37:35,965 [INFO ]  user is able to enter text.txt in xpath //input[@id='city'] 
2024-07-18 07:37:36,662 [INFO ]  user is able to enter text.txt in xpath //input[@id='card'] 
2024-07-18 07:37:37,366 [INFO ]  user is able to enter text.txt in xpath //input[@id='month'] 
2024-07-18 07:37:38,060 [INFO ]  user is able to enter text.txt in xpath //input[@id='year'] 
2024-07-18 07:37:38,658 [INFO ]  user is able to  click on xpath //button[normalize-space()='Purchase'] 
2024-07-18 07:37:39,203 [INFO ]  user ia able to see the element on DOM with xpath //h2[contains(.,'Thank you for your purchase')]
2024-07-18 07:37:53,927 [INFO ]  user ia able to see the element on DOM with xpath //a[contains(.,'Log in')]
2024-07-18 07:37:54,510 [INFO ]  user is able to  click on xpath //a[contains(.,'Log in')] 
2024-07-18 07:37:55,771 [INFO ]  user is able to enter text.txt in xpath //input[@id='loginusername'] 
2024-07-18 07:37:56,426 [INFO ]  user is able to enter text.txt in xpath //input[@id='loginpassword'] 
2024-07-18 07:37:57,070 [INFO ]  user is able to  click on xpath //button[normalize-space()='Log in'] 
2024-07-18 07:38:08,013 [INFO ]  user ia able to see the element on DOM with xpath //a[contains(.,'test_usergQj')]
2024-07-18 07:38:08,577 [INFO ]  user ia able to see the element on DOM with xpath //a[contains(.,'Log out')]
2024-07-18 07:38:10,334 [INFO ]  user is able to  click on xpath //a[contains(.,'Log out')] 
2024-07-18 07:38:10,901 [INFO ]  user ia able to see the element on DOM with xpath //a[@id='login2']
