2024-07-18 07:32:42,895 [INFO ]  user ia able to see the element on DOM with xpath //a[contains(.,'Sign up')]
2024-07-18 07:32:43,494 [INFO ]  user is able to  click on xpath //a[contains(.,'Sign up')] 
2024-07-18 07:32:44,759 [INFO ]  user is able to enter text.txt in xpath //input[@id='sign-username'] 
2024-07-18 07:32:45,429 [INFO ]  user is able to enter text.txt in xpath //input[@id='sign-password'] 
2024-07-18 07:32:45,999 [INFO ]  user is able to  click on xpath //button[normalize-space()='Sign up'] 
2024-07-18 07:32:49,013 [INFO ]  user is able to get text.txt Sign up successful. from alert
2024-07-18 07:32:49,018 [INFO ]  user is abe to verify text.txt Sign up successful. form alert
2024-07-18 07:32:49,024 [INFO ]  User is able to accept alert popup
2024-07-18 07:32:49,605 [INFO ]  user ia able to see the element on DOM with xpath //a[contains(.,'Log in')]
2024-07-18 07:32:50,245 [INFO ]  user is able to  click on xpath //a[contains(.,'Log in')] 
2024-07-18 07:32:51,555 [INFO ]  user is able to enter text.txt in xpath //input[@id='loginusername'] 
2024-07-18 07:32:52,317 [INFO ]  user is able to enter text.txt in xpath //input[@id='loginpassword'] 
2024-07-18 07:32:53,089 [INFO ]  user is able to  click on xpath //button[normalize-space()='Log in'] 
2024-07-18 07:32:56,606 [INFO ]  user is able to get text.txt Wrong password. from alert
2024-07-18 07:32:56,606 [INFO ]  user is abe to verify text.txt Wrong password. form alert
2024-07-18 07:32:56,620 [INFO ]  User is able to accept alert popup
2024-07-18 07:32:57,219 [INFO ]  user is able to  click on xpath //div[@id='logInModal']//button[@type='button'][normalize-space()='Close'] 
2024-07-18 07:32:57,781 [INFO ]  user ia able to see the element on DOM with xpath //a[contains(.,'Log in')]
2024-07-18 07:32:58,379 [INFO ]  user is able to  click on xpath //a[contains(.,'Log in')] 
2024-07-18 07:32:59,590 [INFO ]  user is able to enter text.txt in xpath //input[@id='loginusername'] 
2024-07-18 07:33:00,309 [INFO ]  user is able to enter text.txt in xpath //input[@id='loginpassword'] 
2024-07-18 07:33:00,910 [INFO ]  user is able to  click on xpath //button[normalize-space()='Log in'] 
2024-07-18 07:33:11,856 [INFO ]  user ia able to see the element on DOM with xpath //a[contains(.,'test_userzAM')]
2024-07-18 07:33:12,483 [INFO ]  user is able to  click on xpath //a[contains(.,'Phones')] 
2024-07-18 07:33:14,031 [INFO ]  user ia able to see the element on DOM with xpath //a[contains(.,'Samsung galaxy s6')]
2024-07-18 07:33:14,567 [INFO ]  user ia able to see the element on DOM with xpath //a[contains(.,'Nokia lumia 1520')]
2024-07-18 07:33:15,115 [INFO ]  user ia able to see the element on DOM with xpath //a[contains(.,'Nexus 6')]
2024-07-18 07:33:15,717 [INFO ]  user is able to  click on xpath //a[contains(.,'Laptops')] 
2024-07-18 07:33:17,267 [INFO ]  user ia able to see the element on DOM with xpath //a[contains(.,'Sony vaio i5')]
2024-07-18 07:33:17,814 [INFO ]  user ia able to see the element on DOM with xpath //a[contains(.,'Sony vaio i7')]
2024-07-18 07:33:18,364 [INFO ]  user ia able to see the element on DOM with xpath //a[contains(.,'MacBook air')]
2024-07-18 07:33:18,949 [INFO ]  user is able to  click on xpath //a[contains(.,'Monitors')] 
2024-07-18 07:33:20,503 [INFO ]  user ia able to see the element on DOM with xpath //a[contains(.,'Apple monitor 24')]
2024-07-18 07:33:21,058 [INFO ]  user ia able to see the element on DOM with xpath //a[contains(.,'ASUS Full HD')]
2024-07-18 07:33:21,631 [INFO ]  user ia able to see the element on DOM with xpath //a[contains(.,'Home')]
2024-07-18 07:33:23,778 [INFO ]  user is able to  click on xpath //a[contains(.,'Home')] 
2024-07-18 07:33:24,116 [INFO ]  user is able to move to element having xpath //p[contains(.,'Copyright © Product Store 2017')]
2024-07-18 07:33:24,728 [INFO ]  user is able to  click on xpath //button[@id='next2'] 
2024-07-18 07:33:27,757 [INFO ]  user is able to get text.txt from xpath //div[@id='tbodyid']/div[last()]/div/div/h4/a
2024-07-18 07:33:29,399 [INFO ]  user is able to  click on xpath //div[@id='tbodyid']/div[last()]/div/div/h4/a 
2024-07-18 07:33:30,734 [INFO ]  user is able to  click on xpath //a[normalize-space()='Add to cart'] 
2024-07-18 07:33:33,737 [INFO ]  user is able to get text.txt Product added. from alert
2024-07-18 07:33:33,745 [INFO ]  User is able to accept alert popup
2024-07-18 07:33:34,300 [INFO ]  user ia able to see the element on DOM with xpath //a[contains(.,'Cart')]
2024-07-18 07:33:36,213 [INFO ]  user is able to  click on xpath //a[contains(.,'Cart')] 
2024-07-18 07:33:39,770 [INFO ]  user ia able to see the element on DOM with xpath //tbody[@id='tbodyid']/tr/td[contains(.,'Sony vaio i7')]
2024-07-18 07:33:40,355 [INFO ]  user is able to  click on xpath //button[normalize-space()='Place Order'] 
2024-07-18 07:33:41,597 [INFO ]  user is able to enter text.txt in xpath //input[@id='name'] 
2024-07-18 07:33:42,302 [INFO ]  user is able to enter text.txt in xpath //input[@id='country'] 
2024-07-18 07:33:42,998 [INFO ]  user is able to enter text.txt in xpath //input[@id='city'] 
2024-07-18 07:33:43,727 [INFO ]  user is able to enter text.txt in xpath //input[@id='card'] 
2024-07-18 07:33:44,427 [INFO ]  user is able to enter text.txt in xpath //input[@id='month'] 
2024-07-18 07:33:45,104 [INFO ]  user is able to enter text.txt in xpath //input[@id='year'] 
2024-07-18 07:33:45,755 [INFO ]  user is able to  click on xpath //button[normalize-space()='Purchase'] 
2024-07-18 07:33:46,316 [INFO ]  user ia able to see the element on DOM with xpath //h2[contains(.,'Thank you for your purchase')]
2024-07-18 07:33:47,856 [INFO ]  user is able to  click on xpath //button[normalize-space()='OK'] 
2024-07-18 07:33:48,431 [INFO ]  user ia able to see the element on DOM with xpath //a[contains(.,'Cart')]
2024-07-18 07:33:49,802 [INFO ]  user is able to  click on xpath //a[contains(.,'Cart')] 
2024-07-18 07:33:50,446 [INFO ]  user is able to  click on xpath //button[normalize-space()='Place Order'] 
2024-07-18 07:33:51,739 [INFO ]  user is able to enter text.txt in xpath //input[@id='name'] 
2024-07-18 07:33:52,476 [INFO ]  user is able to enter text.txt in xpath //input[@id='country'] 
2024-07-18 07:33:53,212 [INFO ]  user is able to enter text.txt in xpath //input[@id='city'] 
2024-07-18 07:33:53,921 [INFO ]  user is able to enter text.txt in xpath //input[@id='card'] 
2024-07-18 07:33:54,638 [INFO ]  user is able to enter text.txt in xpath //input[@id='month'] 
2024-07-18 07:33:55,346 [INFO ]  user is able to enter text.txt in xpath //input[@id='year'] 
2024-07-18 07:33:55,971 [INFO ]  user is able to  click on xpath //button[normalize-space()='Purchase'] 
2024-07-18 07:33:56,526 [INFO ]  user ia able to see the element on DOM with xpath //h2[contains(.,'Thank you for your purchase')]
2024-07-18 07:34:10,443 [INFO ]  user ia able to see the element on DOM with xpath //a[contains(.,'Log in')]
2024-07-18 07:34:11,109 [INFO ]  user is able to  click on xpath //a[contains(.,'Log in')] 
2024-07-18 07:34:12,403 [INFO ]  user is able to enter text.txt in xpath //input[@id='loginusername'] 
2024-07-18 07:34:13,025 [INFO ]  user is able to enter text.txt in xpath //input[@id='loginpassword'] 
2024-07-18 07:34:13,611 [INFO ]  user is able to  click on xpath //button[normalize-space()='Log in'] 
2024-07-18 07:34:24,498 [INFO ]  user ia able to see the element on DOM with xpath //a[contains(.,'test_userzAM')]
2024-07-18 07:34:25,032 [INFO ]  user ia able to see the element on DOM with xpath //a[contains(.,'Log out')]
2024-07-18 07:34:26,925 [INFO ]  user is able to  click on xpath //a[contains(.,'Log out')] 
2024-07-18 07:34:27,489 [INFO ]  user ia able to see the element on DOM with xpath //a[@id='login2']
